<?xml version="1.0" encoding="UTF-8"?>
<!-- Generated by org.testng.reporters.JUnitXMLReporter -->
<testsuite ignored="0" hostname="TD-projection" failures="1" tests="2" name="Test" time="33.189" errors="0" timestamp="2025-10-16T00:23:32 IST">
  <testcase classname="testCases.TC001_AccountRegistration" name="verify_Account_Registration" time="5.983"/>
  <testcase classname="testCases.TC002_LoginTest" name="login" time="13.189">
    <failure type="java.lang.AssertionError" message="login fail expected [true] but found [false]">
      <![CDATA[java.lang.AssertionError: login fail expected [true] but found [false]
at testCases.TC002_LoginTest.login(TC002_LoginTest.java:33)
at java.base/java.util.ArrayList.forEach(ArrayList.java:1511)
... Removed 31 stack frames]]>
    </failure>
  </testcase> <!-- login -->
</testsuite> <!-- Test -->
