<?xml version="1.0" encoding="UTF-8"?>
<!-- Generated by org.testng.reporters.JUnitXMLReporter -->
<testsuite ignored="0" hostname="TD-projection" failures="0" tests="6" name="Test" time="89.052" errors="0" timestamp="2025-11-01T21:58:53 IST">
  <testcase classname="testCases.TC003_LoginDDT" name="loginDDT" time="6.205"/>
  <testcase classname="testCases.TC003_LoginDDT" name="loginDDT" time="12.054"/>
  <testcase classname="testCases.TC003_LoginDDT" name="loginDDT" time="12.228"/>
  <testcase classname="testCases.TC003_LoginDDT" name="loginDDT" time="12.001"/>
  <testcase classname="testCases.TC003_LoginDDT" name="loginDDT" time="13.34"/>
  <testcase classname="testCases.TC003_LoginDDT" name="loginDDT" time="3.486"/>
</testsuite> <!-- Test -->
