<?xml version="1.0" encoding="UTF-8"?>
<testng-results ignored="0" total="6" passed="6" failed="0" skipped="0">
  <reporter-output>
  </reporter-output>
  <suite started-at="2025-11-01T21:57:21 IST" name="Suite" finished-at="2025-11-01T21:58:50 IST" duration-ms="89052">
    <groups>
      <group name="datadriven">
        <method signature="TC003_LoginDDT.loginDDT(java.lang.String,java.lang.String,java.lang.String)[pri:0, instance:testCases.TC003_LoginDDT@648c94da]" name="loginDDT" class="testCases.TC003_LoginDDT"/>
      </group> <!-- datadriven -->
    </groups>
    <test started-at="2025-11-01T21:57:21 IST" name="Test" finished-at="2025-11-01T21:58:50 IST" duration-ms="89052">
      <class name="testCases.TC003_LoginDDT">
        <test-method is-config="true" signature="setup(java.lang.String,java.lang.String)[pri:0, instance:testCases.TC003_LoginDDT@648c94da]" started-at="2025-11-01T21:57:22 IST" name="setup" finished-at="2025-11-01T21:57:47 IST" duration-ms="25594" status="PASS">
          <params>
            <param index="0">
              <value>
                <![CDATA[windows]]>
              </value>
            </param>
            <param index="1">
              <value>
                <![CDATA[chrome]]>
              </value>
            </param>
          </params>
          <reporter-output>
          </reporter-output>
        </test-method> <!-- setup -->
        <test-method signature="loginDDT(java.lang.String,java.lang.String,java.lang.String)[pri:0, instance:testCases.TC003_LoginDDT@648c94da]" started-at="2025-11-01T21:57:50 IST" name="loginDDT" data-provider="LoginData" finished-at="2025-11-01T21:57:57 IST" duration-ms="6205" status="PASS">
          <params>
            <param index="0">
              <value>
                <![CDATA[admin@gmail.com]]>
              </value>
            </param>
            <param index="1">
              <value>
                <![CDATA[admin]]>
              </value>
            </param>
            <param index="2">
              <value>
                <![CDATA[valid]]>
              </value>
            </param>
          </params>
          <reporter-output>
          </reporter-output>
        </test-method> <!-- loginDDT -->
        <test-method signature="loginDDT(java.lang.String,java.lang.String,java.lang.String)[pri:0, instance:testCases.TC003_LoginDDT@648c94da]" started-at="2025-11-01T21:57:57 IST" name="loginDDT" data-provider="LoginData" finished-at="2025-11-01T21:58:09 IST" duration-ms="12054" status="PASS">
          <params>
            <param index="0">
              <value>
                <![CDATA[abc@gmail.com]]>
              </value>
            </param>
            <param index="1">
              <value>
                <![CDATA[abc123]]>
              </value>
            </param>
            <param index="2">
              <value>
                <![CDATA[invalid]]>
              </value>
            </param>
          </params>
          <reporter-output>
          </reporter-output>
        </test-method> <!-- loginDDT -->
        <test-method signature="loginDDT(java.lang.String,java.lang.String,java.lang.String)[pri:0, instance:testCases.TC003_LoginDDT@648c94da]" started-at="2025-11-01T21:58:09 IST" name="loginDDT" data-provider="LoginData" finished-at="2025-11-01T21:58:21 IST" duration-ms="12228" status="PASS">
          <params>
            <param index="0">
              <value>
                <![CDATA[asd@asd.com]]>
              </value>
            </param>
            <param index="1">
              <value>
                <![CDATA[kj58]]>
              </value>
            </param>
            <param index="2">
              <value>
                <![CDATA[invalid]]>
              </value>
            </param>
          </params>
          <reporter-output>
          </reporter-output>
        </test-method> <!-- loginDDT -->
        <test-method signature="loginDDT(java.lang.String,java.lang.String,java.lang.String)[pri:0, instance:testCases.TC003_LoginDDT@648c94da]" started-at="2025-11-01T21:58:21 IST" name="loginDDT" data-provider="LoginData" finished-at="2025-11-01T21:58:33 IST" duration-ms="12001" status="PASS">
          <params>
            <param index="0">
              <value>
                <![CDATA[tuhin@123]]>
              </value>
            </param>
            <param index="1">
              <value>
                <![CDATA[tuhindatta4@gmail.com]]>
              </value>
            </param>
            <param index="2">
              <value>
                <![CDATA[invalid]]>
              </value>
            </param>
          </params>
          <reporter-output>
          </reporter-output>
        </test-method> <!-- loginDDT -->
        <test-method signature="loginDDT(java.lang.String,java.lang.String,java.lang.String)[pri:0, instance:testCases.TC003_LoginDDT@648c94da]" started-at="2025-11-01T21:58:33 IST" name="loginDDT" data-provider="LoginData" finished-at="2025-11-01T21:58:46 IST" duration-ms="13340" status="PASS">
          <params>
            <param index="0">
              <value>
                <![CDATA[dfd@yahoo.com]]>
              </value>
            </param>
            <param index="1">
              <value>
                <![CDATA[dgf565]]>
              </value>
            </param>
            <param index="2">
              <value>
                <![CDATA[invalid]]>
              </value>
            </param>
          </params>
          <reporter-output>
          </reporter-output>
        </test-method> <!-- loginDDT -->
        <test-method signature="loginDDT(java.lang.String,java.lang.String,java.lang.String)[pri:0, instance:testCases.TC003_LoginDDT@648c94da]" started-at="2025-11-01T21:58:46 IST" name="loginDDT" data-provider="LoginData" finished-at="2025-11-01T21:58:50 IST" duration-ms="3486" status="PASS">
          <params>
            <param index="0">
              <value>
                <![CDATA[tuhindatta4@gmail.com]]>
              </value>
            </param>
            <param index="1">
              <value>
                <![CDATA[Tuhin@123]]>
              </value>
            </param>
            <param index="2">
              <value>
                <![CDATA[valid]]>
              </value>
            </param>
          </params>
          <reporter-output>
          </reporter-output>
        </test-method> <!-- loginDDT -->
        <test-method is-config="true" signature="closeBrowser()[pri:0, instance:testCases.TC003_LoginDDT@648c94da]" started-at="2025-11-01T21:58:50 IST" name="closeBrowser" finished-at="2025-11-01T21:58:50 IST" duration-ms="492" status="PASS">
          <reporter-output>
          </reporter-output>
        </test-method> <!-- closeBrowser -->
      </class> <!-- testCases.TC003_LoginDDT -->
    </test> <!-- Test -->
  </suite> <!-- Suite -->
</testng-results>
