<?xml version="1.0" encoding="UTF-8"?>
<!-- Generated by org.testng.reporters.JUnitReportReporter -->
<testsuite hostname="TD-projection" failures="0" tests="6" name="testCases.TC003_LoginDDT" time="49.657" errors="0" timestamp="2025-10-14T01:47:32 IST" skipped="0">
  <testcase classname="testCases.TC003_LoginDDT" name="loginDDT" time="11.284"/>
  <testcase classname="testCases.TC003_LoginDDT" name="loginDDT" time="11.303"/>
  <testcase classname="testCases.TC003_LoginDDT" name="loginDDT" time="11.645"/>
  <testcase classname="testCases.TC003_LoginDDT" name="loginDDT" time="1.996"/>
  <testcase classname="testCases.TC003_LoginDDT" name="loginDDT" time="10.907"/>
  <testcase classname="testCases.TC003_LoginDDT" name="loginDDT" time="2.522"/>
</testsuite> <!-- testCases.TC003_LoginDDT -->
