<?xml version="1.0" encoding="UTF-8"?>
<!-- Generated by org.testng.reporters.JUnitReportReporter -->
<testsuite hostname="TD-projection" failures="0" tests="6" name="testCases.TC003_LoginDDT" time="59.314" errors="0" timestamp="2025-11-01T21:58:53 IST" skipped="0">
  <testcase classname="testCases.TC003_LoginDDT" name="loginDDT" time="3.486"/>
  <testcase classname="testCases.TC003_LoginDDT" name="loginDDT" time="12.228"/>
  <testcase classname="testCases.TC003_LoginDDT" name="loginDDT" time="6.205"/>
  <testcase classname="testCases.TC003_LoginDDT" name="loginDDT" time="12.001"/>
  <testcase classname="testCases.TC003_LoginDDT" name="loginDDT" time="12.054"/>
  <testcase classname="testCases.TC003_LoginDDT" name="loginDDT" time="13.340"/>
</testsuite> <!-- testCases.TC003_LoginDDT -->
